{"/home/leonardo/Documentos/01 gitHub/clean-architecture-api-node/src/entities/email.ts": {"path":"/home/leonardo/Documentos/01 gitHub/clean-architecture-api-node/src/entities/email.ts","statementMap":{"0":{"start":{"line":1,"column":0},"end":{"line":1,"column":47}},"1":{"start":{"line":2,"column":0},"end":{"line":2,"column":44}},"2":{"start":{"line":8,"column":4},"end":{"line":8,"column":null}},"3":{"start":{"line":12,"column":4},"end":{"line":14,"column":null}},"4":{"start":{"line":13,"column":6},"end":{"line":13,"column":null}},"5":{"start":{"line":15,"column":4},"end":{"line":15,"column":null}},"6":{"start":{"line":19,"column":4},"end":{"line":21,"column":null}},"7":{"start":{"line":20,"column":6},"end":{"line":20,"column":null}},"8":{"start":{"line":24,"column":4},"end":{"line":24,"column":131}},"9":{"start":{"line":25,"column":4},"end":{"line":27,"column":null}},"10":{"start":{"line":26,"column":6},"end":{"line":26,"column":null}},"11":{"start":{"line":29,"column":28},"end":{"line":29,"column":44}},"12":{"start":{"line":30,"column":4},"end":{"line":32,"column":null}},"13":{"start":{"line":31,"column":6},"end":{"line":31,"column":null}},"14":{"start":{"line":33,"column":4},"end":{"line":35,"column":null}},"15":{"start":{"line":34,"column":6},"end":{"line":34,"column":null}},"16":{"start":{"line":36,"column":4},"end":{"line":38,"column":null}},"17":{"start":{"line":37,"column":6},"end":{"line":37,"column":null}},"18":{"start":{"line":39,"column":4},"end":{"line":41,"column":null}},"19":{"start":{"line":40,"column":6},"end":{"line":40,"column":null}},"20":{"start":{"line":42,"column":24},"end":{"line":42,"column":41}},"21":{"start":{"line":43,"column":4},"end":{"line":47,"column":null}},"22":{"start":{"line":44,"column":6},"end":{"line":44,"column":null}},"23":{"start":{"line":46,"column":6},"end":{"line":46,"column":null}},"24":{"start":{"line":49,"column":4},"end":{"line":49,"column":null}},"25":{"start":{"line":4,"column":0},"end":{"line":4,"column":13}}},"fnMap":{"0":{"name":"(anonymous_0)","decl":{"start":{"line":7,"column":2},"end":{"line":7,"column":23}},"loc":{"start":{"line":7,"column":36},"end":{"line":9,"column":3}}},"1":{"name":"(anonymous_1)","decl":{"start":{"line":11,"column":2},"end":{"line":11,"column":8}},"loc":{"start":{"line":11,"column":30},"end":{"line":16,"column":3}}},"2":{"name":"(anonymous_2)","decl":{"start":{"line":18,"column":2},"end":{"line":18,"column":8}},"loc":{"start":{"line":18,"column":32},"end":{"line":50,"column":3}}},"3":{"name":"(anonymous_3)","decl":{"start":{"line":43,"column":25},"end":{"line":43,"column":35}},"loc":{"start":{"line":43,"column":39},"end":{"line":45,"column":5}}}},"branchMap":{"0":{"loc":{"start":{"line":12,"column":4},"end":{"line":14,"column":null}},"type":"if","locations":[{"start":{"line":12,"column":4},"end":{"line":14,"column":null}}]},"1":{"loc":{"start":{"line":19,"column":4},"end":{"line":21,"column":null}},"type":"if","locations":[{"start":{"line":19,"column":4},"end":{"line":21,"column":null}}]},"2":{"loc":{"start":{"line":25,"column":4},"end":{"line":27,"column":null}},"type":"if","locations":[{"start":{"line":25,"column":4},"end":{"line":27,"column":null}}]},"3":{"loc":{"start":{"line":30,"column":4},"end":{"line":32,"column":null}},"type":"if","locations":[{"start":{"line":30,"column":4},"end":{"line":32,"column":null}}]},"4":{"loc":{"start":{"line":30,"column":8},"end":{"line":30,"column":47}},"type":"binary-expr","locations":[{"start":{"line":30,"column":8},"end":{"line":30,"column":25}},{"start":{"line":30,"column":29},"end":{"line":30,"column":47}}]},"5":{"loc":{"start":{"line":33,"column":4},"end":{"line":35,"column":null}},"type":"if","locations":[{"start":{"line":33,"column":4},"end":{"line":35,"column":null}}]},"6":{"loc":{"start":{"line":33,"column":8},"end":{"line":33,"column":48}},"type":"binary-expr","locations":[{"start":{"line":33,"column":8},"end":{"line":33,"column":26}},{"start":{"line":33,"column":30},"end":{"line":33,"column":48}}]},"7":{"loc":{"start":{"line":36,"column":4},"end":{"line":38,"column":null}},"type":"if","locations":[{"start":{"line":36,"column":4},"end":{"line":38,"column":null}}]},"8":{"loc":{"start":{"line":39,"column":4},"end":{"line":41,"column":null}},"type":"if","locations":[{"start":{"line":39,"column":4},"end":{"line":41,"column":null}}]},"9":{"loc":{"start":{"line":39,"column":8},"end":{"line":39,"column":50}},"type":"binary-expr","locations":[{"start":{"line":39,"column":8},"end":{"line":39,"column":27}},{"start":{"line":39,"column":31},"end":{"line":39,"column":50}}]},"10":{"loc":{"start":{"line":43,"column":4},"end":{"line":47,"column":null}},"type":"if","locations":[{"start":{"line":43,"column":4},"end":{"line":47,"column":null}}]}},"s":{"0":4,"1":4,"2":3,"3":6,"4":3,"5":3,"6":19,"7":2,"8":17,"9":17,"10":9,"11":8,"12":8,"13":1,"14":7,"15":3,"16":4,"17":0,"18":4,"19":0,"20":4,"21":4,"22":8,"23":0,"24":4,"25":4},"f":{"0":3,"1":6,"2":19,"3":8},"b":{"0":[3],"1":[2],"2":[9],"3":[1],"4":[8,7],"5":[3],"6":[7,4],"7":[0],"8":[0],"9":[4,4],"10":[0]}}
,"/home/leonardo/Documentos/01 gitHub/clean-architecture-api-node/src/entities/index.ts": {"path":"/home/leonardo/Documentos/01 gitHub/clean-architecture-api-node/src/entities/index.ts","statementMap":{"0":{"start":{"line":1,"column":0},"end":{"line":1,"column":23}},"1":{"start":{"line":2,"column":0},"end":{"line":2,"column":22}},"2":{"start":{"line":3,"column":0},"end":{"line":3,"column":22}},"3":{"start":{"line":4,"column":0},"end":{"line":4,"column":27}}},"fnMap":{},"branchMap":{},"s":{"0":4,"1":4,"2":4,"3":4},"f":{},"b":{}}
,"/home/leonardo/Documentos/01 gitHub/clean-architecture-api-node/src/entities/name.ts": {"path":"/home/leonardo/Documentos/01 gitHub/clean-architecture-api-node/src/entities/name.ts","statementMap":{"0":{"start":{"line":1,"column":0},"end":{"line":1,"column":43}},"1":{"start":{"line":2,"column":0},"end":{"line":2,"column":47}},"2":{"start":{"line":8,"column":6},"end":{"line":8,"column":null}},"3":{"start":{"line":12,"column":6},"end":{"line":14,"column":null}},"4":{"start":{"line":13,"column":8},"end":{"line":13,"column":null}},"5":{"start":{"line":16,"column":6},"end":{"line":16,"column":null}},"6":{"start":{"line":20,"column":6},"end":{"line":22,"column":null}},"7":{"start":{"line":21,"column":8},"end":{"line":21,"column":null}},"8":{"start":{"line":23,"column":6},"end":{"line":25,"column":null}},"9":{"start":{"line":24,"column":8},"end":{"line":24,"column":null}},"10":{"start":{"line":27,"column":6},"end":{"line":27,"column":null}},"11":{"start":{"line":4,"column":0},"end":{"line":4,"column":13}}},"fnMap":{"0":{"name":"(anonymous_0)","decl":{"start":{"line":7,"column":4},"end":{"line":7,"column":25}},"loc":{"start":{"line":7,"column":37},"end":{"line":9,"column":5}}},"1":{"name":"(anonymous_1)","decl":{"start":{"line":11,"column":11},"end":{"line":11,"column":17}},"loc":{"start":{"line":11,"column":38},"end":{"line":17,"column":5}}},"2":{"name":"(anonymous_2)","decl":{"start":{"line":19,"column":11},"end":{"line":19,"column":17}},"loc":{"start":{"line":19,"column":40},"end":{"line":28,"column":5}}}},"branchMap":{"0":{"loc":{"start":{"line":12,"column":6},"end":{"line":14,"column":null}},"type":"if","locations":[{"start":{"line":12,"column":6},"end":{"line":14,"column":null}}]},"1":{"loc":{"start":{"line":20,"column":6},"end":{"line":22,"column":null}},"type":"if","locations":[{"start":{"line":20,"column":6},"end":{"line":22,"column":null}}]},"2":{"loc":{"start":{"line":23,"column":6},"end":{"line":25,"column":null}},"type":"if","locations":[{"start":{"line":23,"column":6},"end":{"line":25,"column":null}}]},"3":{"loc":{"start":{"line":23,"column":10},"end":{"line":23,"column":60}},"type":"binary-expr","locations":[{"start":{"line":23,"column":10},"end":{"line":23,"column":32}},{"start":{"line":23,"column":36},"end":{"line":23,"column":60}}]}},"s":{"0":4,"1":4,"2":6,"3":10,"4":4,"5":6,"6":10,"7":1,"8":9,"9":3,"10":6,"11":4},"f":{"0":6,"1":10,"2":10},"b":{"0":[4],"1":[1],"2":[3],"3":[9,7]}}
,"/home/leonardo/Documentos/01 gitHub/clean-architecture-api-node/src/entities/user.ts": {"path":"/home/leonardo/Documentos/01 gitHub/clean-architecture-api-node/src/entities/user.ts","statementMap":{"0":{"start":{"line":1,"column":0},"end":{"line":1,"column":42}},"1":{"start":{"line":2,"column":0},"end":{"line":2,"column":47}},"2":{"start":{"line":3,"column":0},"end":{"line":3,"column":62}},"3":{"start":{"line":10,"column":4},"end":{"line":10,"column":null}},"4":{"start":{"line":11,"column":4},"end":{"line":11,"column":null}},"5":{"start":{"line":15,"column":24},"end":{"line":15,"column":50}},"6":{"start":{"line":16,"column":4},"end":{"line":21,"column":null}},"7":{"start":{"line":20,"column":6},"end":{"line":20,"column":null}},"8":{"start":{"line":23,"column":25},"end":{"line":23,"column":53}},"9":{"start":{"line":24,"column":4},"end":{"line":26,"column":null}},"10":{"start":{"line":25,"column":6},"end":{"line":25,"column":null}},"11":{"start":{"line":28,"column":23},"end":{"line":28,"column":48}},"12":{"start":{"line":29,"column":25},"end":{"line":29,"column":52}},"13":{"start":{"line":31,"column":4},"end":{"line":31,"column":null}},"14":{"start":{"line":5,"column":0},"end":{"line":5,"column":13}}},"fnMap":{"0":{"name":"(anonymous_0)","decl":{"start":{"line":9,"column":2},"end":{"line":9,"column":23}},"loc":{"start":{"line":9,"column":47},"end":{"line":12,"column":3}}},"1":{"name":"(anonymous_1)","decl":{"start":{"line":14,"column":2},"end":{"line":14,"column":8}},"loc":{"start":{"line":14,"column":35},"end":{"line":32,"column":3}}}},"branchMap":{"0":{"loc":{"start":{"line":16,"column":4},"end":{"line":21,"column":null}},"type":"if","locations":[{"start":{"line":16,"column":4},"end":{"line":21,"column":null}}]},"1":{"loc":{"start":{"line":24,"column":4},"end":{"line":26,"column":null}},"type":"if","locations":[{"start":{"line":24,"column":4},"end":{"line":26,"column":null}}]}},"s":{"0":4,"1":4,"2":4,"3":3,"4":3,"5":10,"6":10,"7":4,"8":6,"9":6,"10":3,"11":3,"12":3,"13":3,"14":4},"f":{"0":3,"1":10},"b":{"0":[4],"1":[3]}}
,"/home/leonardo/Documentos/01 gitHub/clean-architecture-api-node/src/entities/errors/index.ts": {"path":"/home/leonardo/Documentos/01 gitHub/clean-architecture-api-node/src/entities/errors/index.ts","statementMap":{"0":{"start":{"line":1,"column":0},"end":{"line":1,"column":37}},"1":{"start":{"line":2,"column":0},"end":{"line":2,"column":36}}},"fnMap":{},"branchMap":{},"s":{"0":4,"1":4},"f":{},"b":{}}
,"/home/leonardo/Documentos/01 gitHub/clean-architecture-api-node/src/entities/errors/invalid-email-error.ts": {"path":"/home/leonardo/Documentos/01 gitHub/clean-architecture-api-node/src/entities/errors/invalid-email-error.ts","statementMap":{"0":{"start":{"line":1,"column":0},"end":{"line":1,"column":13}}},"fnMap":{},"branchMap":{},"s":{"0":4},"f":{},"b":{}}
,"/home/leonardo/Documentos/01 gitHub/clean-architecture-api-node/src/entities/errors/invalid-name-error.ts": {"path":"/home/leonardo/Documentos/01 gitHub/clean-architecture-api-node/src/entities/errors/invalid-name-error.ts","statementMap":{"0":{"start":{"line":1,"column":0},"end":{"line":1,"column":13}}},"fnMap":{},"branchMap":{},"s":{"0":4},"f":{},"b":{}}
,"/home/leonardo/Documentos/01 gitHub/clean-architecture-api-node/src/shared/either.ts": {"path":"/home/leonardo/Documentos/01 gitHub/clean-architecture-api-node/src/shared/either.ts","statementMap":{"0":{"start":{"line":4,"column":6},"end":{"line":4,"column":null}},"1":{"start":{"line":8,"column":6},"end":{"line":8,"column":null}},"2":{"start":{"line":12,"column":6},"end":{"line":12,"column":null}},"3":{"start":{"line":1,"column":0},"end":{"line":1,"column":13}},"4":{"start":{"line":19,"column":6},"end":{"line":19,"column":null}},"5":{"start":{"line":23,"column":6},"end":{"line":23,"column":null}},"6":{"start":{"line":27,"column":6},"end":{"line":27,"column":null}},"7":{"start":{"line":16,"column":0},"end":{"line":16,"column":13}},"8":{"start":{"line":33,"column":20},"end":{"line":35,"column":1}},"9":{"start":{"line":34,"column":2},"end":{"line":34,"column":null}},"10":{"start":{"line":33,"column":13},"end":{"line":33,"column":20}},"11":{"start":{"line":37,"column":21},"end":{"line":39,"column":1}},"12":{"start":{"line":38,"column":2},"end":{"line":38,"column":null}},"13":{"start":{"line":37,"column":13},"end":{"line":37,"column":21}}},"fnMap":{"0":{"name":"(anonymous_0)","decl":{"start":{"line":3,"column":4},"end":{"line":3,"column":17}},"loc":{"start":{"line":3,"column":25},"end":{"line":5,"column":5}}},"1":{"name":"(anonymous_1)","decl":{"start":{"line":7,"column":4},"end":{"line":7,"column":10}},"loc":{"start":{"line":7,"column":10},"end":{"line":9,"column":5}}},"2":{"name":"(anonymous_2)","decl":{"start":{"line":11,"column":4},"end":{"line":11,"column":11}},"loc":{"start":{"line":11,"column":11},"end":{"line":13,"column":5}}},"3":{"name":"(anonymous_3)","decl":{"start":{"line":18,"column":4},"end":{"line":18,"column":17}},"loc":{"start":{"line":18,"column":25},"end":{"line":20,"column":5}}},"4":{"name":"(anonymous_4)","decl":{"start":{"line":22,"column":4},"end":{"line":22,"column":10}},"loc":{"start":{"line":22,"column":10},"end":{"line":24,"column":5}}},"5":{"name":"(anonymous_5)","decl":{"start":{"line":26,"column":4},"end":{"line":26,"column":11}},"loc":{"start":{"line":26,"column":11},"end":{"line":28,"column":5}}},"6":{"name":"(anonymous_6)","decl":{"start":{"line":33,"column":20},"end":{"line":33,"column":27}},"loc":{"start":{"line":33,"column":49},"end":{"line":35,"column":1}}},"7":{"name":"(anonymous_7)","decl":{"start":{"line":37,"column":21},"end":{"line":37,"column":28}},"loc":{"start":{"line":37,"column":50},"end":{"line":39,"column":1}}}},"branchMap":{},"s":{"0":23,"1":13,"2":0,"3":4,"4":14,"5":12,"6":1,"7":4,"8":4,"9":23,"10":4,"11":4,"12":14,"13":4},"f":{"0":23,"1":13,"2":0,"3":14,"4":12,"5":1,"6":23,"7":14},"b":{}}
,"/home/leonardo/Documentos/01 gitHub/clean-architecture-api-node/src/shared/index.ts": {"path":"/home/leonardo/Documentos/01 gitHub/clean-architecture-api-node/src/shared/index.ts","statementMap":{"0":{"start":{"line":1,"column":0},"end":{"line":1,"column":24}}},"fnMap":{},"branchMap":{},"s":{"0":4},"f":{},"b":{}}
,"/home/leonardo/Documentos/01 gitHub/clean-architecture-api-node/src/usecases/register-user-on-maling-list/index.ts": {"path":"/home/leonardo/Documentos/01 gitHub/clean-architecture-api-node/src/usecases/register-user-on-maling-list/index.ts","statementMap":{"0":{"start":{"line":1,"column":0},"end":{"line":1,"column":47}}},"fnMap":{},"branchMap":{},"s":{"0":2},"f":{},"b":{}}
,"/home/leonardo/Documentos/01 gitHub/clean-architecture-api-node/src/usecases/register-user-on-maling-list/register-user-on-mailing-list.ts": {"path":"/home/leonardo/Documentos/01 gitHub/clean-architecture-api-node/src/usecases/register-user-on-maling-list/register-user-on-mailing-list.ts","statementMap":{"0":{"start":{"line":2,"column":0},"end":{"line":2,"column":54}},"1":{"start":{"line":3,"column":0},"end":{"line":3,"column":50}},"2":{"start":{"line":11,"column":3},"end":{"line":11,"column":null}},"3":{"start":{"line":16,"column":75},"end":{"line":16,"column":95}},"4":{"start":{"line":17,"column":3},"end":{"line":19,"column":null}},"5":{"start":{"line":18,"column":5},"end":{"line":18,"column":null}},"6":{"start":{"line":20,"column":3},"end":{"line":22,"column":null}},"7":{"start":{"line":21,"column":5},"end":{"line":21,"column":null}},"8":{"start":{"line":23,"column":3},"end":{"line":23,"column":null}},"9":{"start":{"line":7,"column":0},"end":{"line":7,"column":13}}},"fnMap":{"0":{"name":"(anonymous_7)","decl":{"start":{"line":10,"column":1},"end":{"line":10,"column":14}},"loc":{"start":{"line":10,"column":38},"end":{"line":12,"column":2}}},"1":{"name":"(anonymous_8)","decl":{"start":{"line":14,"column":14},"end":{"line":14,"column":21}},"loc":{"start":{"line":14,"column":40},"end":{"line":24,"column":null}}}},"branchMap":{"0":{"loc":{"start":{"line":17,"column":3},"end":{"line":19,"column":null}},"type":"if","locations":[{"start":{"line":17,"column":3},"end":{"line":19,"column":null}}]},"1":{"loc":{"start":{"line":20,"column":3},"end":{"line":22,"column":null}},"type":"if","locations":[{"start":{"line":20,"column":3},"end":{"line":22,"column":null}}]}},"s":{"0":2,"1":2,"2":4,"3":6,"4":6,"5":4,"6":2,"7":2,"8":2,"9":2},"f":{"0":4,"1":6},"b":{"0":[4],"1":[2]}}
,"/home/leonardo/Documentos/01 gitHub/clean-architecture-api-node/src/web-controllers/register-user-controller.ts": {"path":"/home/leonardo/Documentos/01 gitHub/clean-architecture-api-node/src/web-controllers/register-user-controller.ts","statementMap":{"0":{"start":{"line":3,"column":0},"end":{"line":3,"column":64}},"1":{"start":{"line":5,"column":0},"end":{"line":5,"column":70}},"2":{"start":{"line":11,"column":2},"end":{"line":11,"column":null}},"3":{"start":{"line":15,"column":2},"end":{"line":34,"column":null}},"4":{"start":{"line":16,"column":4},"end":{"line":20,"column":null}},"5":{"start":{"line":17,"column":25},"end":{"line":17,"column":60}},"6":{"start":{"line":18,"column":6},"end":{"line":18,"column":null}},"7":{"start":{"line":19,"column":6},"end":{"line":19,"column":null}},"8":{"start":{"line":22,"column":31},"end":{"line":22,"column":43}},"9":{"start":{"line":23,"column":21},"end":{"line":23,"column":57}},"10":{"start":{"line":25,"column":4},"end":{"line":27,"column":null}},"11":{"start":{"line":26,"column":6},"end":{"line":26,"column":null}},"12":{"start":{"line":29,"column":4},"end":{"line":31,"column":null}},"13":{"start":{"line":30,"column":6},"end":{"line":30,"column":null}},"14":{"start":{"line":33,"column":4},"end":{"line":33,"column":null}},"15":{"start":{"line":7,"column":0},"end":{"line":7,"column":13}}},"fnMap":{"0":{"name":"(anonymous_7)","decl":{"start":{"line":10,"column":0},"end":{"line":10,"column":13}},"loc":{"start":{"line":10,"column":29},"end":{"line":12,"column":1}}},"1":{"name":"(anonymous_8)","decl":{"start":{"line":14,"column":13},"end":{"line":14,"column":19}},"loc":{"start":{"line":14,"column":41},"end":{"line":35,"column":null}}}},"branchMap":{"0":{"loc":{"start":{"line":16,"column":4},"end":{"line":20,"column":null}},"type":"if","locations":[{"start":{"line":16,"column":4},"end":{"line":20,"column":null}}]},"1":{"loc":{"start":{"line":16,"column":8},"end":{"line":16,"column":49}},"type":"binary-expr","locations":[{"start":{"line":16,"column":8},"end":{"line":16,"column":26}},{"start":{"line":16,"column":30},"end":{"line":16,"column":49}}]},"2":{"loc":{"start":{"line":17,"column":25},"end":{"line":17,"column":60}},"type":"cond-expr","locations":[{"start":{"line":17,"column":48},"end":{"line":17,"column":55}},{"start":{"line":17,"column":58},"end":{"line":17,"column":60}}]},"3":{"loc":{"start":{"line":18,"column":22},"end":{"line":18,"column":58}},"type":"cond-expr","locations":[{"start":{"line":18,"column":46},"end":{"line":18,"column":53}},{"start":{"line":18,"column":56},"end":{"line":18,"column":58}}]},"4":{"loc":{"start":{"line":25,"column":4},"end":{"line":27,"column":null}},"type":"if","locations":[{"start":{"line":25,"column":4},"end":{"line":27,"column":null}}]},"5":{"loc":{"start":{"line":29,"column":4},"end":{"line":31,"column":null}},"type":"if","locations":[{"start":{"line":29,"column":4},"end":{"line":31,"column":null}}]}},"s":{"0":1,"1":1,"2":2,"3":7,"4":7,"5":3,"6":3,"7":3,"8":4,"9":4,"10":3,"11":2,"12":1,"13":1,"14":1,"15":1},"f":{"0":2,"1":7},"b":{"0":[3],"1":[7,5],"2":[2,1],"3":[2,1],"4":[2],"5":[1]}}
,"/home/leonardo/Documentos/01 gitHub/clean-architecture-api-node/src/web-controllers/errors/missing-param-error.ts": {"path":"/home/leonardo/Documentos/01 gitHub/clean-architecture-api-node/src/web-controllers/errors/missing-param-error.ts","statementMap":{"0":{"start":{"line":5,"column":6},"end":{"line":5,"column":null}},"1":{"start":{"line":2,"column":20},"end":{"line":2,"column":null}},"2":{"start":{"line":1,"column":0},"end":{"line":1,"column":13}}},"fnMap":{"0":{"name":"(anonymous_0)","decl":{"start":{"line":4,"column":4},"end":{"line":4,"column":17}},"loc":{"start":{"line":4,"column":30},"end":{"line":6,"column":5}}}},"branchMap":{},"s":{"0":3,"1":3,"2":1},"f":{"0":3},"b":{}}
,"/home/leonardo/Documentos/01 gitHub/clean-architecture-api-node/src/web-controllers/util/http-helpers.ts": {"path":"/home/leonardo/Documentos/01 gitHub/clean-architecture-api-node/src/web-controllers/util/http-helpers.ts","statementMap":{"0":{"start":{"line":3,"column":23},"end":{"line":6,"column":2}},"1":{"start":{"line":3,"column":53},"end":{"line":6,"column":2}},"2":{"start":{"line":3,"column":13},"end":{"line":3,"column":23}},"3":{"start":{"line":8,"column":26},"end":{"line":11,"column":2}},"4":{"start":{"line":8,"column":56},"end":{"line":11,"column":2}},"5":{"start":{"line":8,"column":13},"end":{"line":8,"column":26}},"6":{"start":{"line":13,"column":27},"end":{"line":16,"column":2}},"7":{"start":{"line":13,"column":57},"end":{"line":16,"column":2}},"8":{"start":{"line":13,"column":13},"end":{"line":13,"column":27}}},"fnMap":{"0":{"name":"(anonymous_0)","decl":{"start":{"line":3,"column":23},"end":{"line":3,"column":24}},"loc":{"start":{"line":3,"column":53},"end":{"line":6,"column":2}}},"1":{"name":"(anonymous_1)","decl":{"start":{"line":8,"column":26},"end":{"line":8,"column":27}},"loc":{"start":{"line":8,"column":56},"end":{"line":11,"column":2}}},"2":{"name":"(anonymous_2)","decl":{"start":{"line":13,"column":27},"end":{"line":13,"column":28}},"loc":{"start":{"line":13,"column":57},"end":{"line":16,"column":2}}}},"branchMap":{},"s":{"0":1,"1":1,"2":1,"3":1,"4":5,"5":1,"6":1,"7":1,"8":1},"f":{"0":1,"1":5,"2":1},"b":{}}
}
