TN:
SF:src/entities/email.ts
FN:7,(anonymous_0)
FN:11,(anonymous_1)
FN:18,(anonymous_2)
FN:43,(anonymous_3)
FNF:4
FNH:4
FNDA:3,(anonymous_0)
FNDA:6,(anonymous_1)
FNDA:19,(anonymous_2)
FNDA:8,(anonymous_3)
DA:1,4
DA:2,4
DA:4,4
DA:8,3
DA:12,6
DA:13,3
DA:15,3
DA:19,19
DA:20,2
DA:24,17
DA:25,17
DA:26,9
DA:29,8
DA:30,8
DA:31,1
DA:33,7
DA:34,3
DA:36,4
DA:37,0
DA:39,4
DA:40,0
DA:42,4
DA:43,4
DA:44,8
DA:46,0
DA:49,4
LF:26
LH:23
BRDA:12,0,0,3
BRDA:19,1,0,2
BRDA:25,2,0,9
BRDA:30,3,0,1
BRDA:30,4,0,8
BRDA:30,4,1,7
BRDA:33,5,0,3
BRDA:33,6,0,7
BRDA:33,6,1,4
BRDA:36,7,0,0
BRDA:39,8,0,0
BRDA:39,9,0,4
BRDA:39,9,1,4
BRDA:43,10,0,0
BRF:14
BRH:11
end_of_record
TN:
SF:src/entities/index.ts
FNF:0
FNH:0
DA:1,4
DA:2,4
DA:3,4
DA:4,4
LF:4
LH:4
BRF:0
BRH:0
end_of_record
TN:
SF:src/entities/name.ts
FN:7,(anonymous_0)
FN:11,(anonymous_1)
FN:19,(anonymous_2)
FNF:3
FNH:3
FNDA:6,(anonymous_0)
FNDA:10,(anonymous_1)
FNDA:10,(anonymous_2)
DA:1,4
DA:2,4
DA:4,4
DA:8,6
DA:12,10
DA:13,4
DA:16,6
DA:20,10
DA:21,1
DA:23,9
DA:24,3
DA:27,6
LF:12
LH:12
BRDA:12,0,0,4
BRDA:20,1,0,1
BRDA:23,2,0,3
BRDA:23,3,0,9
BRDA:23,3,1,7
BRF:5
BRH:5
end_of_record
TN:
SF:src/entities/user.ts
FN:9,(anonymous_0)
FN:14,(anonymous_1)
FNF:2
FNH:2
FNDA:3,(anonymous_0)
FNDA:10,(anonymous_1)
DA:1,4
DA:2,4
DA:3,4
DA:5,4
DA:10,3
DA:11,3
DA:15,10
DA:16,10
DA:20,4
DA:23,6
DA:24,6
DA:25,3
DA:28,3
DA:29,3
DA:31,3
LF:15
LH:15
BRDA:16,0,0,4
BRDA:24,1,0,3
BRF:2
BRH:2
end_of_record
TN:
SF:src/entities/errors/index.ts
FNF:0
FNH:0
DA:1,4
DA:2,4
LF:2
LH:2
BRF:0
BRH:0
end_of_record
TN:
SF:src/entities/errors/invalid-email-error.ts
FNF:0
FNH:0
DA:1,4
LF:1
LH:1
BRF:0
BRH:0
end_of_record
TN:
SF:src/entities/errors/invalid-name-error.ts
FNF:0
FNH:0
DA:1,4
LF:1
LH:1
BRF:0
BRH:0
end_of_record
TN:
SF:src/shared/either.ts
FN:3,(anonymous_0)
FN:7,(anonymous_1)
FN:11,(anonymous_2)
FN:18,(anonymous_3)
FN:22,(anonymous_4)
FN:26,(anonymous_5)
FN:33,(anonymous_6)
FN:37,(anonymous_7)
FNF:8
FNH:7
FNDA:23,(anonymous_0)
FNDA:13,(anonymous_1)
FNDA:0,(anonymous_2)
FNDA:14,(anonymous_3)
FNDA:12,(anonymous_4)
FNDA:1,(anonymous_5)
FNDA:23,(anonymous_6)
FNDA:14,(anonymous_7)
DA:1,4
DA:4,23
DA:8,13
DA:12,0
DA:16,4
DA:19,14
DA:23,12
DA:27,1
DA:33,4
DA:34,23
DA:37,4
DA:38,14
LF:12
LH:11
BRF:0
BRH:0
end_of_record
TN:
SF:src/shared/index.ts
FNF:0
FNH:0
DA:1,4
LF:1
LH:1
BRF:0
BRH:0
end_of_record
TN:
SF:src/usecases/register-user-on-maling-list/index.ts
FNF:0
FNH:0
DA:1,2
LF:1
LH:1
BRF:0
BRH:0
end_of_record
TN:
SF:src/usecases/register-user-on-maling-list/register-user-on-mailing-list.ts
FN:10,(anonymous_7)
FN:14,(anonymous_8)
FNF:2
FNH:2
FNDA:4,(anonymous_7)
FNDA:6,(anonymous_8)
DA:2,2
DA:3,2
DA:7,2
DA:11,4
DA:16,6
DA:17,6
DA:18,4
DA:20,2
DA:21,2
DA:23,2
LF:10
LH:10
BRDA:17,0,0,4
BRDA:20,1,0,2
BRF:2
BRH:2
end_of_record
TN:
SF:src/web-controllers/register-user-controller.ts
FN:10,(anonymous_7)
FN:14,(anonymous_8)
FNF:2
FNH:2
FNDA:2,(anonymous_7)
FNDA:7,(anonymous_8)
DA:3,1
DA:5,1
DA:7,1
DA:11,2
DA:15,7
DA:16,7
DA:17,3
DA:18,3
DA:19,3
DA:22,4
DA:23,4
DA:25,3
DA:26,2
DA:29,1
DA:30,1
DA:33,1
LF:16
LH:16
BRDA:16,0,0,3
BRDA:16,1,0,7
BRDA:16,1,1,5
BRDA:17,2,0,2
BRDA:17,2,1,1
BRDA:18,3,0,2
BRDA:18,3,1,1
BRDA:25,4,0,2
BRDA:29,5,0,1
BRF:9
BRH:9
end_of_record
TN:
SF:src/web-controllers/errors/missing-param-error.ts
FN:4,(anonymous_0)
FNF:1
FNH:1
FNDA:3,(anonymous_0)
DA:1,1
DA:2,3
DA:5,3
LF:3
LH:3
BRF:0
BRH:0
end_of_record
TN:
SF:src/web-controllers/util/http-helpers.ts
FN:3,(anonymous_0)
FN:8,(anonymous_1)
FN:13,(anonymous_2)
FNF:3
FNH:3
FNDA:1,(anonymous_0)
FNDA:5,(anonymous_1)
FNDA:1,(anonymous_2)
DA:3,1
DA:8,5
DA:13,1
LF:3
LH:3
BRF:0
BRH:0
end_of_record
